{"contracts/interfaces/IAdmin.sol":{"l":{},"path":"/Users/liaojinlong/Workspace/CPChain/cpchain-dapps-staking/contracts/interfaces/IAdmin.sol","s":{},"b":{},"f":{},"fnMap":{},"statementMap":{},"branchMap":{}},"contracts/interfaces/IStaking.sol":{"l":{},"path":"/Users/liaojinlong/Workspace/CPChain/cpchain-dapps-staking/contracts/interfaces/IStaking.sol","s":{},"b":{},"f":{},"fnMap":{},"statementMap":{},"branchMap":{}},"contracts/interfaces/IWorker.sol":{"l":{},"path":"/Users/liaojinlong/Workspace/CPChain/cpchain-dapps-staking/contracts/interfaces/IWorker.sol","s":{},"b":{},"f":{},"fnMap":{},"statementMap":{},"branchMap":{}},"contracts/lib/safeMath.sol":{"l":{"9":0,"10":0,"12":0,"13":0,"14":0,"22":0,"24":0,"31":0,"32":0,"39":4,"40":4,"41":4},"path":"/Users/liaojinlong/Workspace/CPChain/cpchain-dapps-staking/contracts/lib/safeMath.sol","s":{"1":0,"2":0,"3":0,"4":0,"5":0,"6":0,"7":0,"8":0,"9":0,"10":4,"11":4,"12":4},"b":{"1":[0,0]},"f":{"1":0,"2":0,"3":0,"4":4},"fnMap":{"1":{"name":"mul","line":8,"loc":{"start":{"line":8,"column":4},"end":{"line":15,"column":4}}},"2":{"name":"div","line":20,"loc":{"start":{"line":20,"column":4},"end":{"line":25,"column":4}}},"3":{"name":"sub","line":30,"loc":{"start":{"line":30,"column":4},"end":{"line":33,"column":4}}},"4":{"name":"add","line":38,"loc":{"start":{"line":38,"column":4},"end":{"line":42,"column":4}}}},"statementMap":{"1":{"start":{"line":9,"column":8},"end":{"line":9,"column":206}},"2":{"start":{"line":10,"column":12},"end":{"line":10,"column":20}},"3":{"start":{"line":12,"column":8},"end":{"line":12,"column":25}},"4":{"start":{"line":13,"column":8},"end":{"line":13,"column":25}},"5":{"start":{"line":14,"column":8},"end":{"line":14,"column":16}},"6":{"start":{"line":22,"column":8},"end":{"line":22,"column":25}},"7":{"start":{"line":24,"column":8},"end":{"line":24,"column":16}},"8":{"start":{"line":31,"column":8},"end":{"line":31,"column":21}},"9":{"start":{"line":32,"column":8},"end":{"line":32,"column":20}},"10":{"start":{"line":39,"column":8},"end":{"line":39,"column":25}},"11":{"start":{"line":40,"column":8},"end":{"line":40,"column":21}},"12":{"start":{"line":41,"column":8},"end":{"line":41,"column":16}}},"branchMap":{"1":{"line":9,"type":"if","locations":[{"start":{"line":9,"column":8},"end":{"line":9,"column":8}},{"start":{"line":9,"column":8},"end":{"line":9,"column":8}}]}}},"contracts/lib/set.sol":{"l":{"24":15,"26":15,"27":15,"28":15,"29":15,"36":6,"37":0,"39":6,"40":6,"41":6,"42":6,"43":6,"44":6,"45":6,"46":6,"48":6,"52":12,"56":29},"path":"/Users/liaojinlong/Workspace/CPChain/cpchain-dapps-staking/contracts/lib/set.sol","s":{"1":15,"2":0,"3":15,"4":15,"5":15,"6":15,"7":6,"8":0,"9":6,"10":6,"11":6,"12":6,"13":6,"14":6,"15":6,"16":12,"17":29},"b":{"1":[0,15],"2":[0,6]},"f":{"1":15,"2":6,"3":12,"4":29},"fnMap":{"1":{"name":"insert","line":20,"loc":{"start":{"line":20,"column":4},"end":{"line":30,"column":4}}},"2":{"name":"remove","line":32,"loc":{"start":{"line":32,"column":4},"end":{"line":49,"column":4}}},"3":{"name":"contains","line":51,"loc":{"start":{"line":51,"column":4},"end":{"line":53,"column":4}}},"4":{"name":"getAll","line":55,"loc":{"start":{"line":55,"column":4},"end":{"line":57,"column":4}}}},"statementMap":{"1":{"start":{"line":24,"column":8},"end":{"line":24,"column":763}},"2":{"start":{"line":25,"column":12},"end":{"line":25,"column":24}},"3":{"start":{"line":26,"column":8},"end":{"line":26,"column":31}},"4":{"start":{"line":27,"column":8},"end":{"line":27,"column":43}},"5":{"start":{"line":28,"column":8},"end":{"line":28,"column":30}},"6":{"start":{"line":29,"column":8},"end":{"line":29,"column":19}},"7":{"start":{"line":36,"column":8},"end":{"line":36,"column":1054}},"8":{"start":{"line":37,"column":12},"end":{"line":37,"column":24}},"9":{"start":{"line":39,"column":8},"end":{"line":39,"column":32}},"10":{"start":{"line":40,"column":8},"end":{"line":40,"column":38}},"11":{"start":{"line":41,"column":8},"end":{"line":41,"column":39}},"12":{"start":{"line":42,"column":8},"end":{"line":42,"column":42}},"13":{"start":{"line":43,"column":8},"end":{"line":43,"column":35}},"14":{"start":{"line":44,"column":8},"end":{"line":44,"column":32}},"15":{"start":{"line":48,"column":8},"end":{"line":48,"column":19}},"16":{"start":{"line":52,"column":8},"end":{"line":52,"column":32}},"17":{"start":{"line":56,"column":8},"end":{"line":56,"column":26}}},"branchMap":{"1":{"line":24,"type":"if","locations":[{"start":{"line":24,"column":8},"end":{"line":24,"column":8}},{"start":{"line":24,"column":8},"end":{"line":24,"column":8}}]},"2":{"line":36,"type":"if","locations":[{"start":{"line":36,"column":8},"end":{"line":36,"column":8}},{"start":{"line":36,"column":8},"end":{"line":36,"column":8}}]}}},"contracts/Staking.sol":{"l":{"57":3,"62":0,"66":0,"71":7,"72":7,"73":7,"84":6,"85":4,"86":2,"88":1,"89":1,"91":1,"92":1,"95":2,"96":2,"97":2,"98":4,"99":1,"103":2,"106":2,"109":2,"112":2,"115":2,"118":2,"128":0,"129":0,"130":0,"131":0,"132":0,"133":0,"135":0,"136":0,"137":0,"138":0,"139":0,"144":0,"145":0,"146":0,"147":0,"150":0,"153":0,"163":0,"164":0,"165":0,"166":0,"167":0,"168":0,"169":0,"176":2,"177":0,"179":2,"186":0,"187":0,"189":0,"196":0,"197":0,"199":0,"206":0,"207":0,"209":0,"219":0,"220":0,"221":0,"222":0,"223":0,"232":0,"233":0,"234":0,"235":0,"236":0,"237":0,"238":0,"239":0,"241":0,"252":16,"253":14,"254":14,"255":14,"264":8,"265":6,"266":6,"267":6,"274":25,"281":19,"288":8,"289":8,"298":0,"299":0,"300":0,"301":0,"302":0,"303":0,"305":0,"312":9,"313":3,"320":0,"321":0,"328":6,"329":2,"336":6,"337":2,"344":7,"345":3,"352":6,"353":2,"357":1,"364":6,"365":3,"367":4,"376":0,"377":0,"378":0,"379":0,"380":0,"381":0,"383":0,"391":0},"path":"/Users/liaojinlong/Workspace/CPChain/cpchain-dapps-staking/contracts/Staking.sol","s":{"1":85,"2":72,"3":8,"4":3,"5":0,"6":0,"7":7,"8":7,"9":6,"10":4,"11":2,"12":1,"13":1,"14":1,"15":1,"16":2,"17":2,"18":2,"19":4,"20":1,"21":2,"22":2,"23":2,"24":2,"25":2,"26":2,"27":0,"28":0,"29":0,"30":0,"31":0,"32":0,"33":0,"34":0,"35":0,"36":0,"37":0,"38":0,"39":0,"40":0,"41":0,"42":0,"43":0,"44":0,"45":0,"46":0,"47":0,"48":0,"49":0,"50":0,"51":2,"52":0,"53":2,"54":0,"55":0,"56":0,"57":0,"58":0,"59":0,"60":0,"61":0,"62":0,"63":0,"64":0,"65":0,"66":0,"67":0,"68":0,"69":0,"70":0,"71":0,"72":0,"73":0,"74":0,"75":0,"76":0,"77":16,"78":14,"79":14,"80":14,"81":8,"82":6,"83":6,"84":25,"85":19,"86":8,"87":8,"88":0,"89":0,"90":0,"91":0,"92":0,"93":0,"94":0,"95":9,"96":3,"97":0,"98":0,"99":6,"100":2,"101":6,"102":2,"103":7,"104":3,"105":6,"106":2,"107":1,"108":6,"109":3,"110":4,"111":0,"112":0,"113":0,"114":0,"115":0,"116":0,"117":0,"118":0},"b":{"1":[65,20],"2":[72,0],"3":[6,2],"4":[4,2],"5":[2,2],"6":[1,1],"7":[1,0],"8":[1,3],"9":[2,0],"10":[0,0],"11":[0,0],"12":[0,0],"13":[0,0],"14":[0,0],"15":[0,0],"16":[0,0],"17":[0,0],"18":[0,0],"19":[0,0],"20":[0,0],"21":[0,2],"22":[0,0],"23":[0,0],"24":[0,0],"25":[0,0],"26":[0,0],"27":[0,0],"28":[0,0],"29":[0,0],"30":[0,0],"31":[0,0],"32":[14,2],"33":[6,2],"34":[8,0],"35":[3,6],"36":[0,0],"37":[2,4],"38":[2,4],"39":[3,4],"40":[2,4],"41":[3,3],"42":[1,2],"43":[0,0],"44":[0,0],"45":[0,0],"46":[0,0]},"f":{"1":85,"2":72,"3":8,"4":3,"5":0,"6":0,"7":7,"8":6,"9":0,"10":0,"11":2,"12":0,"13":0,"14":0,"15":0,"16":0,"17":16,"18":8,"19":25,"20":19,"21":8,"22":0,"23":9,"24":0,"25":6,"26":6,"27":7,"28":6,"29":1,"30":6,"31":0,"32":0},"fnMap":{"1":{"name":"onlyOwner","line":52,"loc":{"start":{"line":52,"column":4},"end":{"line":52,"column":98}}},"2":{"name":"onlyEnabled","line":53,"loc":{"start":{"line":53,"column":4},"end":{"line":53,"column":47}}},"3":{"name":"haveWorkers","line":54,"loc":{"start":{"line":54,"column":4},"end":{"line":54,"column":100}}},"4":{"name":"constructor","line":56,"loc":{"start":{"line":56,"column":4},"end":{"line":58,"column":4}}},"5":{"name":"enableContract","line":61,"loc":{"start":{"line":61,"column":4},"end":{"line":63,"column":4}}},"6":{"name":"disableContract","line":65,"loc":{"start":{"line":65,"column":4},"end":{"line":67,"column":4}}},"7":{"name":"isContract","line":70,"loc":{"start":{"line":70,"column":4},"end":{"line":74,"column":4}}},"8":{"name":"deposit","line":83,"loc":{"start":{"line":83,"column":4},"end":{"line":119,"column":4}}},"9":{"name":"withdraw","line":127,"loc":{"start":{"line":127,"column":4},"end":{"line":154,"column":4}}},"10":{"name":"appeal","line":162,"loc":{"start":{"line":162,"column":4},"end":{"line":170,"column":4}}},"11":{"name":"balanceOf","line":175,"loc":{"start":{"line":175,"column":4},"end":{"line":180,"column":4}}},"12":{"name":"getWithdrawnBalance","line":185,"loc":{"start":{"line":185,"column":4},"end":{"line":190,"column":4}}},"13":{"name":"getAppealedBalance","line":195,"loc":{"start":{"line":195,"column":4},"end":{"line":200,"column":4}}},"14":{"name":"getInterest","line":205,"loc":{"start":{"line":205,"column":4},"end":{"line":210,"column":4}}},"15":{"name":"transfer","line":218,"loc":{"start":{"line":218,"column":4},"end":{"line":224,"column":4}}},"16":{"name":"refund","line":231,"loc":{"start":{"line":231,"column":4},"end":{"line":242,"column":4}}},"17":{"name":"addWorker","line":251,"loc":{"start":{"line":251,"column":4},"end":{"line":256,"column":4}}},"18":{"name":"removeWorker","line":263,"loc":{"start":{"line":263,"column":4},"end":{"line":268,"column":4}}},"19":{"name":"isWorker","line":273,"loc":{"start":{"line":273,"column":4},"end":{"line":275,"column":4}}},"20":{"name":"workersCnt","line":280,"loc":{"start":{"line":280,"column":4},"end":{"line":282,"column":4}}},"21":{"name":"workerBalanceOf","line":287,"loc":{"start":{"line":287,"column":4},"end":{"line":290,"column":4}}},"22":{"name":"statsInterest","line":297,"loc":{"start":{"line":297,"column":4},"end":{"line":306,"column":4}}},"23":{"name":"setWithdrawFee","line":311,"loc":{"start":{"line":311,"column":4},"end":{"line":314,"column":4}}},"24":{"name":"setWithdrawnUpperLimit","line":319,"loc":{"start":{"line":319,"column":4},"end":{"line":322,"column":4}}},"25":{"name":"setWorkerBalanceLimit","line":327,"loc":{"start":{"line":327,"column":4},"end":{"line":330,"column":4}}},"26":{"name":"setUserBalanceLimit","line":335,"loc":{"start":{"line":335,"column":4},"end":{"line":338,"column":4}}},"27":{"name":"setTxUpperLimit","line":343,"loc":{"start":{"line":343,"column":4},"end":{"line":346,"column":4}}},"28":{"name":"setTxLowerLimit","line":351,"loc":{"start":{"line":351,"column":4},"end":{"line":354,"column":4}}},"29":{"name":"setAllowOwnerBeContract","line":356,"loc":{"start":{"line":356,"column":4},"end":{"line":358,"column":4}}},"30":{"name":"changeOwner","line":363,"loc":{"start":{"line":363,"column":4},"end":{"line":368,"column":4}}},"31":{"name":"AppealRefund","line":375,"loc":{"start":{"line":375,"column":4},"end":{"line":384,"column":4}}},"32":{"name":"refundToOwner","line":390,"loc":{"start":{"line":390,"column":4},"end":{"line":392,"column":4}}}},"statementMap":{"1":{"start":{"line":52,"column":26},"end":{"line":52,"column":94}},"2":{"start":{"line":53,"column":28},"end":{"line":53,"column":43}},"3":{"start":{"line":54,"column":28},"end":{"line":54,"column":96}},"4":{"start":{"line":57,"column":8},"end":{"line":57,"column":25}},"5":{"start":{"line":62,"column":8},"end":{"line":62,"column":21}},"6":{"start":{"line":66,"column":8},"end":{"line":66,"column":22}},"7":{"start":{"line":71,"column":8},"end":{"line":71,"column":17}},"8":{"start":{"line":73,"column":8},"end":{"line":73,"column":23}},"9":{"start":{"line":84,"column":8},"end":{"line":84,"column":79}},"10":{"start":{"line":85,"column":8},"end":{"line":85,"column":82}},"11":{"start":{"line":86,"column":8},"end":{"line":86,"column":3239}},"12":{"start":{"line":88,"column":12},"end":{"line":88,"column":67}},"13":{"start":{"line":89,"column":12},"end":{"line":89,"column":96}},"14":{"start":{"line":91,"column":12},"end":{"line":91,"column":40}},"15":{"start":{"line":92,"column":12},"end":{"line":92,"column":40}},"16":{"start":{"line":95,"column":8},"end":{"line":95,"column":54}},"17":{"start":{"line":96,"column":8},"end":{"line":96,"column":35}},"18":{"start":{"line":97,"column":8},"end":{"line":97,"column":3746}},"19":{"start":{"line":98,"column":12},"end":{"line":98,"column":3803}},"20":{"start":{"line":99,"column":16},"end":{"line":99,"column":34}},"21":{"start":{"line":103,"column":8},"end":{"line":103,"column":122}},"22":{"start":{"line":106,"column":8},"end":{"line":106,"column":35}},"23":{"start":{"line":109,"column":8},"end":{"line":109,"column":75}},"24":{"start":{"line":112,"column":8},"end":{"line":112,"column":75}},"25":{"start":{"line":115,"column":8},"end":{"line":115,"column":33}},"26":{"start":{"line":118,"column":8},"end":{"line":118,"column":53}},"27":{"start":{"line":128,"column":8},"end":{"line":128,"column":82}},"28":{"start":{"line":129,"column":8},"end":{"line":129,"column":85}},"29":{"start":{"line":130,"column":8},"end":{"line":130,"column":74}},"30":{"start":{"line":131,"column":8},"end":{"line":131,"column":90}},"31":{"start":{"line":132,"column":8},"end":{"line":132,"column":101}},"32":{"start":{"line":133,"column":8},"end":{"line":133,"column":99}},"33":{"start":{"line":135,"column":8},"end":{"line":135,"column":54}},"34":{"start":{"line":136,"column":8},"end":{"line":136,"column":35}},"35":{"start":{"line":137,"column":8},"end":{"line":137,"column":5540}},"36":{"start":{"line":138,"column":12},"end":{"line":138,"column":5597}},"37":{"start":{"line":139,"column":16},"end":{"line":139,"column":34}},"38":{"start":{"line":144,"column":8},"end":{"line":144,"column":42}},"39":{"start":{"line":145,"column":8},"end":{"line":145,"column":50}},"40":{"start":{"line":146,"column":8},"end":{"line":146,"column":59}},"41":{"start":{"line":147,"column":8},"end":{"line":147,"column":54}},"42":{"start":{"line":150,"column":8},"end":{"line":150,"column":30}},"43":{"start":{"line":153,"column":8},"end":{"line":153,"column":65}},"44":{"start":{"line":163,"column":8},"end":{"line":163,"column":74}},"45":{"start":{"line":164,"column":8},"end":{"line":164,"column":99}},"46":{"start":{"line":165,"column":8},"end":{"line":165,"column":103}},"47":{"start":{"line":166,"column":8},"end":{"line":166,"column":158}},"48":{"start":{"line":167,"column":8},"end":{"line":167,"column":77}},"49":{"start":{"line":168,"column":8},"end":{"line":168,"column":45}},"50":{"start":{"line":169,"column":8},"end":{"line":169,"column":80}},"51":{"start":{"line":176,"column":8},"end":{"line":176,"column":7208}},"52":{"start":{"line":177,"column":12},"end":{"line":177,"column":20}},"53":{"start":{"line":179,"column":8},"end":{"line":179,"column":37}},"54":{"start":{"line":186,"column":8},"end":{"line":186,"column":7497}},"55":{"start":{"line":187,"column":12},"end":{"line":187,"column":20}},"56":{"start":{"line":189,"column":8},"end":{"line":189,"column":46}},"57":{"start":{"line":196,"column":8},"end":{"line":196,"column":7793}},"58":{"start":{"line":197,"column":12},"end":{"line":197,"column":20}},"59":{"start":{"line":199,"column":8},"end":{"line":199,"column":45}},"60":{"start":{"line":206,"column":8},"end":{"line":206,"column":8073}},"61":{"start":{"line":207,"column":12},"end":{"line":207,"column":20}},"62":{"start":{"line":209,"column":8},"end":{"line":209,"column":38}},"63":{"start":{"line":219,"column":8},"end":{"line":219,"column":78}},"64":{"start":{"line":220,"column":8},"end":{"line":220,"column":85}},"65":{"start":{"line":221,"column":8},"end":{"line":221,"column":41}},"66":{"start":{"line":222,"column":8},"end":{"line":222,"column":42}},"67":{"start":{"line":223,"column":8},"end":{"line":223,"column":52}},"68":{"start":{"line":232,"column":8},"end":{"line":232,"column":72}},"69":{"start":{"line":233,"column":8},"end":{"line":233,"column":68}},"70":{"start":{"line":234,"column":8},"end":{"line":234,"column":95}},"71":{"start":{"line":235,"column":8},"end":{"line":235,"column":108}},"72":{"start":{"line":236,"column":8},"end":{"line":236,"column":94}},"73":{"start":{"line":237,"column":8},"end":{"line":237,"column":31}},"74":{"start":{"line":238,"column":8},"end":{"line":238,"column":39}},"75":{"start":{"line":239,"column":8},"end":{"line":239,"column":47}},"76":{"start":{"line":241,"column":8},"end":{"line":241,"column":53}},"77":{"start":{"line":252,"column":8},"end":{"line":252,"column":76}},"78":{"start":{"line":253,"column":8},"end":{"line":253,"column":61}},"79":{"start":{"line":254,"column":8},"end":{"line":254,"column":35}},"80":{"start":{"line":255,"column":8},"end":{"line":255,"column":31}},"81":{"start":{"line":264,"column":8},"end":{"line":264,"column":67}},"82":{"start":{"line":266,"column":8},"end":{"line":266,"column":35}},"83":{"start":{"line":267,"column":8},"end":{"line":267,"column":34}},"84":{"start":{"line":274,"column":8},"end":{"line":274,"column":39}},"85":{"start":{"line":281,"column":8},"end":{"line":281,"column":43}},"86":{"start":{"line":288,"column":8},"end":{"line":288,"column":73}},"87":{"start":{"line":289,"column":8},"end":{"line":289,"column":39}},"88":{"start":{"line":298,"column":8},"end":{"line":298,"column":52}},"89":{"start":{"line":299,"column":8},"end":{"line":299,"column":11571}},"90":{"start":{"line":300,"column":12},"end":{"line":300,"column":85}},"91":{"start":{"line":301,"column":12},"end":{"line":301,"column":46}},"92":{"start":{"line":302,"column":12},"end":{"line":302,"column":47}},"93":{"start":{"line":303,"column":12},"end":{"line":303,"column":36}},"94":{"start":{"line":305,"column":8},"end":{"line":305,"column":83}},"95":{"start":{"line":312,"column":8},"end":{"line":312,"column":86}},"96":{"start":{"line":313,"column":8},"end":{"line":313,"column":35}},"97":{"start":{"line":320,"column":8},"end":{"line":320,"column":80}},"98":{"start":{"line":321,"column":8},"end":{"line":321,"column":35}},"99":{"start":{"line":328,"column":8},"end":{"line":328,"column":77}},"100":{"start":{"line":329,"column":8},"end":{"line":329,"column":35}},"101":{"start":{"line":336,"column":8},"end":{"line":336,"column":77}},"102":{"start":{"line":337,"column":8},"end":{"line":337,"column":33}},"103":{"start":{"line":344,"column":8},"end":{"line":344,"column":77}},"104":{"start":{"line":345,"column":8},"end":{"line":345,"column":29}},"105":{"start":{"line":352,"column":8},"end":{"line":352,"column":77}},"106":{"start":{"line":353,"column":8},"end":{"line":353,"column":29}},"107":{"start":{"line":357,"column":8},"end":{"line":357,"column":35}},"108":{"start":{"line":364,"column":8},"end":{"line":364,"column":13919}},"109":{"start":{"line":365,"column":12},"end":{"line":365,"column":77}},"110":{"start":{"line":367,"column":8},"end":{"line":367,"column":24}},"111":{"start":{"line":376,"column":8},"end":{"line":376,"column":68}},"112":{"start":{"line":377,"column":8},"end":{"line":377,"column":93}},"113":{"start":{"line":378,"column":8},"end":{"line":378,"column":107}},"114":{"start":{"line":379,"column":8},"end":{"line":379,"column":152}},"115":{"start":{"line":380,"column":8},"end":{"line":380,"column":31}},"116":{"start":{"line":381,"column":8},"end":{"line":381,"column":38}},"117":{"start":{"line":383,"column":8},"end":{"line":383,"column":47}},"118":{"start":{"line":391,"column":8},"end":{"line":391,"column":44}}},"branchMap":{"1":{"line":52,"type":"if","locations":[{"start":{"line":52,"column":26},"end":{"line":52,"column":26}},{"start":{"line":52,"column":26},"end":{"line":52,"column":26}}]},"2":{"line":53,"type":"if","locations":[{"start":{"line":53,"column":28},"end":{"line":53,"column":28}},{"start":{"line":53,"column":28},"end":{"line":53,"column":28}}]},"3":{"line":54,"type":"if","locations":[{"start":{"line":54,"column":28},"end":{"line":54,"column":28}},{"start":{"line":54,"column":28},"end":{"line":54,"column":28}}]},"4":{"line":84,"type":"if","locations":[{"start":{"line":84,"column":8},"end":{"line":84,"column":8}},{"start":{"line":84,"column":8},"end":{"line":84,"column":8}}]},"5":{"line":85,"type":"if","locations":[{"start":{"line":85,"column":8},"end":{"line":85,"column":8}},{"start":{"line":85,"column":8},"end":{"line":85,"column":8}}]},"6":{"line":86,"type":"if","locations":[{"start":{"line":86,"column":8},"end":{"line":86,"column":8}},{"start":{"line":86,"column":8},"end":{"line":86,"column":8}}]},"7":{"line":89,"type":"if","locations":[{"start":{"line":89,"column":12},"end":{"line":89,"column":12}},{"start":{"line":89,"column":12},"end":{"line":89,"column":12}}]},"8":{"line":98,"type":"if","locations":[{"start":{"line":98,"column":12},"end":{"line":98,"column":12}},{"start":{"line":98,"column":12},"end":{"line":98,"column":12}}]},"9":{"line":103,"type":"if","locations":[{"start":{"line":103,"column":8},"end":{"line":103,"column":8}},{"start":{"line":103,"column":8},"end":{"line":103,"column":8}}]},"10":{"line":128,"type":"if","locations":[{"start":{"line":128,"column":8},"end":{"line":128,"column":8}},{"start":{"line":128,"column":8},"end":{"line":128,"column":8}}]},"11":{"line":129,"type":"if","locations":[{"start":{"line":129,"column":8},"end":{"line":129,"column":8}},{"start":{"line":129,"column":8},"end":{"line":129,"column":8}}]},"12":{"line":130,"type":"if","locations":[{"start":{"line":130,"column":8},"end":{"line":130,"column":8}},{"start":{"line":130,"column":8},"end":{"line":130,"column":8}}]},"13":{"line":131,"type":"if","locations":[{"start":{"line":131,"column":8},"end":{"line":131,"column":8}},{"start":{"line":131,"column":8},"end":{"line":131,"column":8}}]},"14":{"line":132,"type":"if","locations":[{"start":{"line":132,"column":8},"end":{"line":132,"column":8}},{"start":{"line":132,"column":8},"end":{"line":132,"column":8}}]},"15":{"line":133,"type":"if","locations":[{"start":{"line":133,"column":8},"end":{"line":133,"column":8}},{"start":{"line":133,"column":8},"end":{"line":133,"column":8}}]},"16":{"line":138,"type":"if","locations":[{"start":{"line":138,"column":12},"end":{"line":138,"column":12}},{"start":{"line":138,"column":12},"end":{"line":138,"column":12}}]},"17":{"line":163,"type":"if","locations":[{"start":{"line":163,"column":8},"end":{"line":163,"column":8}},{"start":{"line":163,"column":8},"end":{"line":163,"column":8}}]},"18":{"line":164,"type":"if","locations":[{"start":{"line":164,"column":8},"end":{"line":164,"column":8}},{"start":{"line":164,"column":8},"end":{"line":164,"column":8}}]},"19":{"line":165,"type":"if","locations":[{"start":{"line":165,"column":8},"end":{"line":165,"column":8}},{"start":{"line":165,"column":8},"end":{"line":165,"column":8}}]},"20":{"line":166,"type":"if","locations":[{"start":{"line":166,"column":8},"end":{"line":166,"column":8}},{"start":{"line":166,"column":8},"end":{"line":166,"column":8}}]},"21":{"line":176,"type":"if","locations":[{"start":{"line":176,"column":8},"end":{"line":176,"column":8}},{"start":{"line":176,"column":8},"end":{"line":176,"column":8}}]},"22":{"line":186,"type":"if","locations":[{"start":{"line":186,"column":8},"end":{"line":186,"column":8}},{"start":{"line":186,"column":8},"end":{"line":186,"column":8}}]},"23":{"line":196,"type":"if","locations":[{"start":{"line":196,"column":8},"end":{"line":196,"column":8}},{"start":{"line":196,"column":8},"end":{"line":196,"column":8}}]},"24":{"line":206,"type":"if","locations":[{"start":{"line":206,"column":8},"end":{"line":206,"column":8}},{"start":{"line":206,"column":8},"end":{"line":206,"column":8}}]},"25":{"line":219,"type":"if","locations":[{"start":{"line":219,"column":8},"end":{"line":219,"column":8}},{"start":{"line":219,"column":8},"end":{"line":219,"column":8}}]},"26":{"line":220,"type":"if","locations":[{"start":{"line":220,"column":8},"end":{"line":220,"column":8}},{"start":{"line":220,"column":8},"end":{"line":220,"column":8}}]},"27":{"line":232,"type":"if","locations":[{"start":{"line":232,"column":8},"end":{"line":232,"column":8}},{"start":{"line":232,"column":8},"end":{"line":232,"column":8}}]},"28":{"line":233,"type":"if","locations":[{"start":{"line":233,"column":8},"end":{"line":233,"column":8}},{"start":{"line":233,"column":8},"end":{"line":233,"column":8}}]},"29":{"line":234,"type":"if","locations":[{"start":{"line":234,"column":8},"end":{"line":234,"column":8}},{"start":{"line":234,"column":8},"end":{"line":234,"column":8}}]},"30":{"line":235,"type":"if","locations":[{"start":{"line":235,"column":8},"end":{"line":235,"column":8}},{"start":{"line":235,"column":8},"end":{"line":235,"column":8}}]},"31":{"line":236,"type":"if","locations":[{"start":{"line":236,"column":8},"end":{"line":236,"column":8}},{"start":{"line":236,"column":8},"end":{"line":236,"column":8}}]},"32":{"line":252,"type":"if","locations":[{"start":{"line":252,"column":8},"end":{"line":252,"column":8}},{"start":{"line":252,"column":8},"end":{"line":252,"column":8}}]},"33":{"line":264,"type":"if","locations":[{"start":{"line":264,"column":8},"end":{"line":264,"column":8}},{"start":{"line":264,"column":8},"end":{"line":264,"column":8}}]},"34":{"line":288,"type":"if","locations":[{"start":{"line":288,"column":8},"end":{"line":288,"column":8}},{"start":{"line":288,"column":8},"end":{"line":288,"column":8}}]},"35":{"line":312,"type":"if","locations":[{"start":{"line":312,"column":8},"end":{"line":312,"column":8}},{"start":{"line":312,"column":8},"end":{"line":312,"column":8}}]},"36":{"line":320,"type":"if","locations":[{"start":{"line":320,"column":8},"end":{"line":320,"column":8}},{"start":{"line":320,"column":8},"end":{"line":320,"column":8}}]},"37":{"line":328,"type":"if","locations":[{"start":{"line":328,"column":8},"end":{"line":328,"column":8}},{"start":{"line":328,"column":8},"end":{"line":328,"column":8}}]},"38":{"line":336,"type":"if","locations":[{"start":{"line":336,"column":8},"end":{"line":336,"column":8}},{"start":{"line":336,"column":8},"end":{"line":336,"column":8}}]},"39":{"line":344,"type":"if","locations":[{"start":{"line":344,"column":8},"end":{"line":344,"column":8}},{"start":{"line":344,"column":8},"end":{"line":344,"column":8}}]},"40":{"line":352,"type":"if","locations":[{"start":{"line":352,"column":8},"end":{"line":352,"column":8}},{"start":{"line":352,"column":8},"end":{"line":352,"column":8}}]},"41":{"line":364,"type":"if","locations":[{"start":{"line":364,"column":8},"end":{"line":364,"column":8}},{"start":{"line":364,"column":8},"end":{"line":364,"column":8}}]},"42":{"line":365,"type":"if","locations":[{"start":{"line":365,"column":12},"end":{"line":365,"column":12}},{"start":{"line":365,"column":12},"end":{"line":365,"column":12}}]},"43":{"line":376,"type":"if","locations":[{"start":{"line":376,"column":8},"end":{"line":376,"column":8}},{"start":{"line":376,"column":8},"end":{"line":376,"column":8}}]},"44":{"line":377,"type":"if","locations":[{"start":{"line":377,"column":8},"end":{"line":377,"column":8}},{"start":{"line":377,"column":8},"end":{"line":377,"column":8}}]},"45":{"line":378,"type":"if","locations":[{"start":{"line":378,"column":8},"end":{"line":378,"column":8}},{"start":{"line":378,"column":8},"end":{"line":378,"column":8}}]},"46":{"line":379,"type":"if","locations":[{"start":{"line":379,"column":8},"end":{"line":379,"column":8}},{"start":{"line":379,"column":8},"end":{"line":379,"column":8}}]}}}}