TN:
SF:/Users/liaojinlong/Workspace/CPChain/cpchain-dapps-staking/contracts/interfaces/IAdmin.sol
FNF:0
FNH:0
LF:0
LH:0
BRF:0
BRH:0
end_of_record
TN:
SF:/Users/liaojinlong/Workspace/CPChain/cpchain-dapps-staking/contracts/interfaces/IStaking.sol
FNF:0
FNH:0
LF:0
LH:0
BRF:0
BRH:0
end_of_record
TN:
SF:/Users/liaojinlong/Workspace/CPChain/cpchain-dapps-staking/contracts/interfaces/IWorker.sol
FNF:0
FNH:0
LF:0
LH:0
BRF:0
BRH:0
end_of_record
TN:
SF:/Users/liaojinlong/Workspace/CPChain/cpchain-dapps-staking/contracts/lib/safeMath.sol
FN:8,mul
FN:20,div
FN:30,sub
FN:38,add
FNF:4
FNH:1
FNDA:0,mul
FNDA:0,div
FNDA:0,sub
FNDA:4,add
DA:9,0
DA:10,0
DA:12,0
DA:13,0
DA:14,0
DA:22,0
DA:24,0
DA:31,0
DA:32,0
DA:39,4
DA:40,4
DA:41,4
LF:12
LH:3
BRDA:9,1,0,0
BRDA:9,1,1,0
BRF:2
BRH:0
end_of_record
TN:
SF:/Users/liaojinlong/Workspace/CPChain/cpchain-dapps-staking/contracts/lib/set.sol
FN:20,insert
FN:32,remove
FN:51,contains
FN:55,getAll
FNF:4
FNH:4
FNDA:15,insert
FNDA:6,remove
FNDA:12,contains
FNDA:29,getAll
DA:24,15
DA:26,15
DA:27,15
DA:28,15
DA:29,15
DA:36,6
DA:37,0
DA:39,6
DA:40,6
DA:41,6
DA:42,6
DA:43,6
DA:44,6
DA:45,6
DA:46,6
DA:48,6
DA:52,12
DA:56,29
LF:18
LH:17
BRDA:24,1,0,0
BRDA:24,1,1,15
BRDA:36,2,0,0
BRDA:36,2,1,6
BRF:4
BRH:2
end_of_record
TN:
SF:/Users/liaojinlong/Workspace/CPChain/cpchain-dapps-staking/contracts/Staking.sol
FN:52,onlyOwner
FN:53,onlyEnabled
FN:54,haveWorkers
FN:56,constructor
FN:61,enableContract
FN:65,disableContract
FN:70,isContract
FN:83,deposit
FN:127,withdraw
FN:162,appeal
FN:175,balanceOf
FN:185,getWithdrawnBalance
FN:195,getAppealedBalance
FN:205,getInterest
FN:218,transfer
FN:231,refund
FN:251,addWorker
FN:263,removeWorker
FN:273,isWorker
FN:280,workersCnt
FN:287,workerBalanceOf
FN:297,statsInterest
FN:311,setWithdrawFee
FN:319,setWithdrawnUpperLimit
FN:327,setWorkerBalanceLimit
FN:335,setUserBalanceLimit
FN:343,setTxUpperLimit
FN:351,setTxLowerLimit
FN:356,setAllowOwnerBeContract
FN:363,changeOwner
FN:375,AppealRefund
FN:390,refundToOwner
FNF:32
FNH:19
FNDA:85,onlyOwner
FNDA:72,onlyEnabled
FNDA:8,haveWorkers
FNDA:3,constructor
FNDA:0,enableContract
FNDA:0,disableContract
FNDA:7,isContract
FNDA:6,deposit
FNDA:0,withdraw
FNDA:0,appeal
FNDA:2,balanceOf
FNDA:0,getWithdrawnBalance
FNDA:0,getAppealedBalance
FNDA:0,getInterest
FNDA:0,transfer
FNDA:0,refund
FNDA:16,addWorker
FNDA:8,removeWorker
FNDA:25,isWorker
FNDA:19,workersCnt
FNDA:8,workerBalanceOf
FNDA:0,statsInterest
FNDA:9,setWithdrawFee
FNDA:0,setWithdrawnUpperLimit
FNDA:6,setWorkerBalanceLimit
FNDA:6,setUserBalanceLimit
FNDA:7,setTxUpperLimit
FNDA:6,setTxLowerLimit
FNDA:1,setAllowOwnerBeContract
FNDA:6,changeOwner
FNDA:0,AppealRefund
FNDA:0,refundToOwner
DA:57,3
DA:62,0
DA:66,0
DA:71,7
DA:72,7
DA:73,7
DA:84,6
DA:85,4
DA:86,2
DA:88,1
DA:89,1
DA:91,1
DA:92,1
DA:95,2
DA:96,2
DA:97,2
DA:98,4
DA:99,1
DA:103,2
DA:106,2
DA:109,2
DA:112,2
DA:115,2
DA:118,2
DA:128,0
DA:129,0
DA:130,0
DA:131,0
DA:132,0
DA:133,0
DA:135,0
DA:136,0
DA:137,0
DA:138,0
DA:139,0
DA:144,0
DA:145,0
DA:146,0
DA:147,0
DA:150,0
DA:153,0
DA:163,0
DA:164,0
DA:165,0
DA:166,0
DA:167,0
DA:168,0
DA:169,0
DA:176,2
DA:177,0
DA:179,2
DA:186,0
DA:187,0
DA:189,0
DA:196,0
DA:197,0
DA:199,0
DA:206,0
DA:207,0
DA:209,0
DA:219,0
DA:220,0
DA:221,0
DA:222,0
DA:223,0
DA:232,0
DA:233,0
DA:234,0
DA:235,0
DA:236,0
DA:237,0
DA:238,0
DA:239,0
DA:241,0
DA:252,16
DA:253,14
DA:254,14
DA:255,14
DA:264,8
DA:265,6
DA:266,6
DA:267,6
DA:274,25
DA:281,19
DA:288,8
DA:289,8
DA:298,0
DA:299,0
DA:300,0
DA:301,0
DA:302,0
DA:303,0
DA:305,0
DA:312,9
DA:313,3
DA:320,0
DA:321,0
DA:328,6
DA:329,2
DA:336,6
DA:337,2
DA:344,7
DA:345,3
DA:352,6
DA:353,2
DA:357,1
DA:364,6
DA:365,3
DA:367,4
DA:376,0
DA:377,0
DA:378,0
DA:379,0
DA:380,0
DA:381,0
DA:383,0
DA:391,0
LF:117
LH:50
BRDA:52,1,0,65
BRDA:52,1,1,20
BRDA:53,2,0,72
BRDA:53,2,1,0
BRDA:54,3,0,6
BRDA:54,3,1,2
BRDA:84,4,0,4
BRDA:84,4,1,2
BRDA:85,5,0,2
BRDA:85,5,1,2
BRDA:86,6,0,1
BRDA:86,6,1,1
BRDA:89,7,0,1
BRDA:89,7,1,0
BRDA:98,8,0,1
BRDA:98,8,1,3
BRDA:103,9,0,2
BRDA:103,9,1,0
BRDA:128,10,0,0
BRDA:128,10,1,0
BRDA:129,11,0,0
BRDA:129,11,1,0
BRDA:130,12,0,0
BRDA:130,12,1,0
BRDA:131,13,0,0
BRDA:131,13,1,0
BRDA:132,14,0,0
BRDA:132,14,1,0
BRDA:133,15,0,0
BRDA:133,15,1,0
BRDA:138,16,0,0
BRDA:138,16,1,0
BRDA:163,17,0,0
BRDA:163,17,1,0
BRDA:164,18,0,0
BRDA:164,18,1,0
BRDA:165,19,0,0
BRDA:165,19,1,0
BRDA:166,20,0,0
BRDA:166,20,1,0
BRDA:176,21,0,0
BRDA:176,21,1,2
BRDA:186,22,0,0
BRDA:186,22,1,0
BRDA:196,23,0,0
BRDA:196,23,1,0
BRDA:206,24,0,0
BRDA:206,24,1,0
BRDA:219,25,0,0
BRDA:219,25,1,0
BRDA:220,26,0,0
BRDA:220,26,1,0
BRDA:232,27,0,0
BRDA:232,27,1,0
BRDA:233,28,0,0
BRDA:233,28,1,0
BRDA:234,29,0,0
BRDA:234,29,1,0
BRDA:235,30,0,0
BRDA:235,30,1,0
BRDA:236,31,0,0
BRDA:236,31,1,0
BRDA:252,32,0,14
BRDA:252,32,1,2
BRDA:264,33,0,6
BRDA:264,33,1,2
BRDA:288,34,0,8
BRDA:288,34,1,0
BRDA:312,35,0,3
BRDA:312,35,1,6
BRDA:320,36,0,0
BRDA:320,36,1,0
BRDA:328,37,0,2
BRDA:328,37,1,4
BRDA:336,38,0,2
BRDA:336,38,1,4
BRDA:344,39,0,3
BRDA:344,39,1,4
BRDA:352,40,0,2
BRDA:352,40,1,4
BRDA:364,41,0,3
BRDA:364,41,1,3
BRDA:365,42,0,1
BRDA:365,42,1,2
BRDA:376,43,0,0
BRDA:376,43,1,0
BRDA:377,44,0,0
BRDA:377,44,1,0
BRDA:378,45,0,0
BRDA:378,45,1,0
BRDA:379,46,0,0
BRDA:379,46,1,0
BRF:92
BRH:35
end_of_record
